Arguments: 
  /Users/everywill/.nvm/versions/node/v8.12.0/bin/node /Users/everywill/.nvm/versions/node/v8.12.0/bin/yarn add rollup --dev

PATH: 
  /Users/everywill/.nvm/versions/node/v8.12.0/bin:/usr/local/bin:/usr/bin:/bin:/usr/sbin:/sbin:/opt/X11/bin:/Library/TeX/texbin:/Applications/Wireshark.app/Contents/MacOS:/Users/everywill/Library/Android/sdk/tools:/Users/everywill/Library/Android/sdk/platform-tools:/Library/Java/JavaVirtualMachines/jdk1.8.0_191.jdk/Contents/Home

Yarn version: 
  1.17.3

Node version: 
  8.12.0

Platform: 
  darwin x64

Trace: 
  SyntaxError: /Users/everywill/mini-react/package.json: Unexpected token } in JSON at position 418
      at JSON.parse (<anonymous>)
      at /Users/everywill/.nvm/versions/node/v8.12.0/lib/node_modules/yarn/lib/cli.js:1625:59
      at Generator.next (<anonymous>)
      at step (/Users/everywill/.nvm/versions/node/v8.12.0/lib/node_modules/yarn/lib/cli.js:304:30)
      at /Users/everywill/.nvm/versions/node/v8.12.0/lib/node_modules/yarn/lib/cli.js:315:13
      at <anonymous>

npm manifest: 
  {
    "name": "mini-react",
    "version": "1.0.0",
    "main": "dist/mReact.umd.js",
    "module": "dist/mReact.es.js",
    "devDependencies": {
    },
    "scripts": {
      "build:module": "rollup src/index.js -f esm dist/mReact.es.js",
      "build:main": "rollup src/index.js -f umd -n mReact dist/mReact.umd.js",
      "prepublishOnly": "npm run build"
    },
    "license": "MIT",
    "author": "everywill <everywillatchina@gmail.com>",
  }

yarn manifest: 
  No manifest

Lockfile: 
  # THIS IS AN AUTOGENERATED FILE. DO NOT EDIT THIS FILE DIRECTLY.
  # yarn lockfile v1
  
  
  "@types/estree@*":
    version "0.0.39"
    resolved "https://registry.npm.alibaba-inc.com/@types/estree/download/@types/estree-0.0.39.tgz#e177e699ee1b8c22d23174caaa7422644389509f"
    integrity sha1-4Xfmme4bjCLSMXTKqnQiZEOJUJ8=
  
  "@types/node@*":
    version "12.12.11"
    resolved "https://registry.npm.alibaba-inc.com/@types/node/download/@types/node-12.12.11.tgz#bec2961975888d964196bf0016a2f984d793d3ce"
    integrity sha1-vsKWGXWIjZZBlr8AFqL5hNeT084=
  
  acorn@^7.1.0:
    version "7.1.0"
    resolved "https://registry.npm.alibaba-inc.com/acorn/download/acorn-7.1.0.tgz#949d36f2c292535da602283586c2477c57eb2d6c"
    integrity sha1-lJ028sKSU12mAig1hsJHfFfrLWw=
  
  rollup@^1.27.2:
    version "1.27.2"
    resolved "https://registry.npm.alibaba-inc.com/rollup/download/rollup-1.27.2.tgz#caf54a93df228bf7864f13dddcdb363d3e958509"
    integrity sha1-yvVKk98ii/eGTxPd3Ns2PT6VhQk=
    dependencies:
      "@types/estree" "*"
      "@types/node" "*"
      acorn "^7.1.0"
